<?xml version="1.0" encoding="UTF-8"?>
<coverage generated="1588690361256" clover="3.2.0">
  <project timestamp="1588690361256" name="All files">
    <metrics statements="11" coveredstatements="9" conditionals="2" coveredconditionals="2" methods="3" coveredmethods="1" elements="16" coveredelements="12" complexity="0" loc="11" ncloc="11" packages="1" files="1" classes="1"/>
    <file name="dir.js" path="C:\Users\bscot\Desktop\medium-cli-example\phase3\_modules\dir.js">
      <metrics statements="11" coveredstatements="9" conditionals="2" coveredconditionals="2" methods="3" coveredmethods="1"/>
      <line num="5" count="1" type="stmt"/>
      <line num="6" count="1" type="stmt"/>
      <line num="14" count="1" type="stmt"/>
      <line num="20" count="2" type="cond" truecount="2" falsecount="0"/>
      <line num="21" count="1" type="stmt"/>
      <line num="22" count="1" type="stmt"/>
      <line num="25" count="1" type="stmt"/>
      <line num="26" count="1" type="stmt"/>
      <line num="29" count="0" type="stmt"/>
      <line num="32" count="0" type="stmt"/>
      <line num="42" count="1" type="stmt"/>
    </file>
  </project>
</coverage>
